app/build/outputs/logs/manifest-merger-release-report.txt
-- Merging decision tree log ---
manifest
ADDED from src\main\AndroidManifest.xml:2:1-80:12
INJECTED from src\main\AndroidManifest.xml:2:1-80:12
INJECTED from src\main\AndroidManifest.xml:2:1-80:12
INJECTED from src\main\AndroidManifest.xml:2:1-80:12
MERGED from [br.com.mauker.materialsearchview:materialsearchview:1.2.3] AndroidManifest.xml:2:1-27:12
MERGED from [net.opacapp:multiline-collapsingtoolbar:27.1.1] AndroidManifest.xml:2:1-11:12
MERGED from [com.android.support:design:28.0.0] AndroidManifest.xml:17:1-24:12
MERGED from [com.github.khizar1556.MKVideoPlayer:mkvideoplayer:0.1.5] AndroidManifest.xml:2:1-25:12
MERGED from [com.android.support:appcompat-v7:28.0.0] AndroidManifest.xml:17:1-22:12
MERGED from [com.google.android.gms:play-services-ads:11.2.0] AndroidManifest.xml:16:1-18:12
MERGED from [com.android.support.constraint:constraint-layout:1.1.3] AndroidManifest.xml:2:1-11:12
MERGED from [com.facebook.android:audience-network-sdk:5.5.0] AndroidManifest.xml:2:1-41:12
MERGED from [com.google.android.gms:play-services-ads-lite:11.2.0] AndroidManifest.xml:16:1-27:12
MERGED from [com.google.android.gms:play-services-gass:11.2.0] AndroidManifest.xml:2:1-5:12
MERGED from [com.google.android.gms:play-services-basement:11.2.0] AndroidManifest.xml:16:1-23:12
MERGED from [com.android.support:support-v4:28.0.0] AndroidManifest.xml:17:1-22:12
MERGED from [com.intuit.sdp:sdp-android:1.0.6] AndroidManifest.xml:2:1-11:12
MERGED from [com.android.support:recyclerview-v7:28.0.0] AndroidManifest.xml:17:1-22:12
MERGED from [com.github.bumptech.glide:glide:4.8.0] AndroidManifest.xml:2:1-12:12
MERGED from [com.android.support:support-fragment:28.0.0] AndroidManifest.xml:17:1-22:12
MERGED from [com.android.support:animated-vector-drawable:28.0.0] AndroidManifest.xml:17:1-22:12
MERGED from [com.android.support:support-core-ui:28.0.0] AndroidManifest.xml:17:1-22:12
MERGED from [com.android.support:support-core-utils:28.0.0] AndroidManifest.xml:17:1-22:12
MERGED from [com.android.support:support-vector-drawable:28.0.0] AndroidManifest.xml:17:1-22:12
MERGED from [com.android.support:support-media-compat:28.0.0] AndroidManifest.xml:17:1-22:12
MERGED from [com.android.support:transition:28.0.0] AndroidManifest.xml:17:1-22:12
MERGED from [com.android.support:loader:28.0.0] AndroidManifest.xml:17:1-22:12
MERGED from [com.android.support:viewpager:28.0.0] AndroidManifest.xml:17:1-22:12
MERGED from [com.android.support:coordinatorlayout:28.0.0] AndroidManifest.xml:17:1-22:12
MERGED from [com.android.support:drawerlayout:28.0.0] AndroidManifest.xml:17:1-22:12
MERGED from [com.android.support:slidingpanelayout:28.0.0] AndroidManifest.xml:17:1-22:12
MERGED from [com.android.support:customview:28.0.0] AndroidManifest.xml:17:1-22:12
MERGED from [com.android.support:swiperefreshlayout:28.0.0] AndroidManifest.xml:17:1-22:12
MERGED from [com.android.support:asynclayoutinflater:28.0.0] AndroidManifest.xml:17:1-22:12
MERGED from [com.android.support:support-compat:28.0.0] AndroidManifest.xml:17:1-24:12
MERGED from [com.makeramen:roundedimageview:2.3.0] AndroidManifest.xml:2:1-9:12
MERGED from [de.hdodenhof:circleimageview:2.2.0] AndroidManifest.xml:2:1-11:12
MERGED from [com.android.volley:volley:1.1.1] AndroidManifest.xml:2:1-11:12
MERGED from [com.github.smarteist:autoimageslider:1.2.0] AndroidManifest.xml:2:1-17:12
MERGED from [com.android.support:versionedparcelable:28.0.0] AndroidManifest.xml:17:1-25:12
MERGED from [com.android.support:cursoradapter:28.0.0] AndroidManifest.xml:17:1-22:12
MERGED from [android.arch.lifecycle:runtime:1.1.1] AndroidManifest.xml:17:1-22:12
MERGED from [com.android.support:cardview-v7:28.0.0] AndroidManifest.xml:17:1-22:12
MERGED from [com.github.bumptech.glide:gifdecoder:4.8.0] AndroidManifest.xml:2:1-11:12
MERGED from [com.android.support:documentfile:28.0.0] AndroidManifest.xml:17:1-22:12
MERGED from [com.android.support:localbroadcastmanager:28.0.0] AndroidManifest.xml:17:1-22:12
MERGED from [com.android.support:print:28.0.0] AndroidManifest.xml:17:1-22:12
MERGED from [android.arch.lifecycle:viewmodel:1.1.1] AndroidManifest.xml:17:1-22:12
MERGED from [com.android.support:interpolator:28.0.0] AndroidManifest.xml:17:1-22:12
MERGED from [android.arch.lifecycle:livedata:1.1.1] AndroidManifest.xml:17:1-22:12
MERGED from [android.arch.lifecycle:livedata-core:1.1.1] AndroidManifest.xml:17:1-22:12
MERGED from [android.arch.core:runtime:1.1.1] AndroidManifest.xml:17:1-22:12
MERGED from [com.github.khizar1556.MKVideoPlayer:ijkplayer-java:0.1.5] AndroidManifest.xml:2:1-9:12
INJECTED from src\main\AndroidManifest.xml:2:1-80:12
INJECTED from src\main\AndroidManifest.xml:2:1-80:12
INJECTED from src\main\AndroidManifest.xml:2:1-80:12
	package
		ADDED from src\main\AndroidManifest.xml:3:5-41
		INJECTED from src\main\AndroidManifest.xml
		INJECTED from src\main\AndroidManifest.xml
	android:versionName
		INJECTED from src\main\AndroidManifest.xml
		ADDED from src\main\AndroidManifest.xml:2:1-80:12
		INJECTED from src\main\AndroidManifest.xml
	android:versionCode
		INJECTED from src\main\AndroidManifest.xml
		ADDED from src\main\AndroidManifest.xml:2:1-80:12
		INJECTED from src\main\AndroidManifest.xml
	xmlns:android
		ADDED from src\main\AndroidManifest.xml:2:11-69
uses-permission#android.permission.WRITE_EXTERNAL_STORAGE
ADDED from src\main\AndroidManifest.xml:5:5-81
	android:name
		ADDED from src\main\AndroidManifest.xml:5:22-78
uses-permission#android.permission.READ_EXTERNAL_STORAGE
ADDED from src\main\AndroidManifest.xml:6:5-80
	android:name
		ADDED from src\main\AndroidManifest.xml:6:22-77
uses-permission#android.permission.WRITE_INTERNAL_STORAGE
ADDED from src\main\AndroidManifest.xml:7:5-81
	android:name
		ADDED from src\main\AndroidManifest.xml:7:22-78
uses-permission#android.permission.READ_INTERNAL_STORAGE
ADDED from src\main\AndroidManifest.xml:8:5-80
	android:name
		ADDED from src\main\AndroidManifest.xml:8:22-77
uses-permission#android.permission.INTERNET
ADDED from src\main\AndroidManifest.xml:9:5-67
MERGED from [com.github.khizar1556.MKVideoPlayer:mkvideoplayer:0.1.5] AndroidManifest.xml:12:5-67
MERGED from [com.github.khizar1556.MKVideoPlayer:mkvideoplayer:0.1.5] AndroidManifest.xml:12:5-67
MERGED from [com.facebook.android:audience-network-sdk:5.5.0] AndroidManifest.xml:11:5-67
MERGED from [com.facebook.android:audience-network-sdk:5.5.0] AndroidManifest.xml:11:5-67
MERGED from [com.google.android.gms:play-services-ads-lite:11.2.0] AndroidManifest.xml:19:5-66
MERGED from [com.google.android.gms:play-services-ads-lite:11.2.0] AndroidManifest.xml:19:5-66
	android:name
		ADDED from src\main\AndroidManifest.xml:9:22-64
uses-permission#android.permission.ACCESS_WIFI_STATE
ADDED from src\main\AndroidManifest.xml:10:5-76
	android:name
		ADDED from src\main\AndroidManifest.xml:10:22-73
uses-permission#android.permission.ACCESS_NETWORK_STATE
ADDED from src\main\AndroidManifest.xml:11:5-79
MERGED from [com.github.khizar1556.MKVideoPlayer:mkvideoplayer:0.1.5] AndroidManifest.xml:13:5-79
MERGED from [com.github.khizar1556.MKVideoPlayer:mkvideoplayer:0.1.5] AndroidManifest.xml:13:5-79
MERGED from [com.facebook.android:audience-network-sdk:5.5.0] AndroidManifest.xml:12:5-79
MERGED from [com.facebook.android:audience-network-sdk:5.5.0] AndroidManifest.xml:12:5-79
MERGED from [com.google.android.gms:play-services-ads-lite:11.2.0] AndroidManifest.xml:20:5-78
MERGED from [com.google.android.gms:play-services-ads-lite:11.2.0] AndroidManifest.xml:20:5-78
	android:name
		ADDED from src\main\AndroidManifest.xml:11:22-76
uses-permission#android.permission.ACCESS_COARSE_LOCATION
ADDED from src\main\AndroidManifest.xml:12:5-81
	android:name
		ADDED from src\main\AndroidManifest.xml:12:22-78
uses-permission#android.permission.ACCESS_FINE_LOCATION
ADDED from src\main\AndroidManifest.xml:13:5-79
	android:name
		ADDED from src\main\AndroidManifest.xml:13:22-76
uses-permission#android.permission.RECEIVE_BOOT_COMPLETED
ADDED from src\main\AndroidManifest.xml:14:5-81
	android:name
		ADDED from src\main\AndroidManifest.xml:14:22-78
uses-permission#android.permission.BLUETOOTH
ADDED from src\main\AndroidManifest.xml:15:5-68
	android:name
		ADDED from src\main\AndroidManifest.xml:15:22-65
application
ADDED from src\main\AndroidManifest.xml:17:5-78:19
MERGED from [br.com.mauker.materialsearchview:materialsearchview:1.2.3] AndroidManifest.xml:23:5-25:38
MERGED from [br.com.mauker.materialsearchview:materialsearchview:1.2.3] AndroidManifest.xml:23:5-25:38
MERGED from [com.android.support:design:28.0.0] AndroidManifest.xml:22:5-20
MERGED from [com.android.support:design:28.0.0] AndroidManifest.xml:22:5-20
MERGED from [com.github.khizar1556.MKVideoPlayer:mkvideoplayer:0.1.5] AndroidManifest.xml:15:5-23:19
MERGED from [com.github.khizar1556.MKVideoPlayer:mkvideoplayer:0.1.5] AndroidManifest.xml:15:5-23:19
MERGED from [com.android.support.constraint:constraint-layout:1.1.3] AndroidManifest.xml:9:5-20
MERGED from [com.android.support.constraint:constraint-layout:1.1.3] AndroidManifest.xml:9:5-20
MERGED from [com.facebook.android:audience-network-sdk:5.5.0] AndroidManifest.xml:14:5-39:19
MERGED from [com.facebook.android:audience-network-sdk:5.5.0] AndroidManifest.xml:14:5-39:19
MERGED from [com.google.android.gms:play-services-ads-lite:11.2.0] AndroidManifest.xml:23:5-26:19
MERGED from [com.google.android.gms:play-services-ads-lite:11.2.0] AndroidManifest.xml:23:5-26:19
MERGED from [com.google.android.gms:play-services-gass:11.2.0] AndroidManifest.xml:4:5-19
MERGED from [com.google.android.gms:play-services-gass:11.2.0] AndroidManifest.xml:4:5-19
MERGED from [com.google.android.gms:play-services-basement:11.2.0] AndroidManifest.xml:19:5-21:19
MERGED from [com.google.android.gms:play-services-basement:11.2.0] AndroidManifest.xml:19:5-21:19
MERGED from [com.github.bumptech.glide:glide:4.8.0] AndroidManifest.xml:10:5-20
MERGED from [com.github.bumptech.glide:glide:4.8.0] AndroidManifest.xml:10:5-20
MERGED from [com.android.support:support-compat:28.0.0] AndroidManifest.xml:22:5-94
MERGED from [com.android.support:support-compat:28.0.0] AndroidManifest.xml:22:5-94
MERGED from [de.hdodenhof:circleimageview:2.2.0] AndroidManifest.xml:9:5-20
MERGED from [de.hdodenhof:circleimageview:2.2.0] AndroidManifest.xml:9:5-20
MERGED from [com.android.volley:volley:1.1.1] AndroidManifest.xml:9:5-20
MERGED from [com.android.volley:volley:1.1.1] AndroidManifest.xml:9:5-20
MERGED from [com.github.smarteist:autoimageslider:1.2.0] AndroidManifest.xml:11:5-15:19
MERGED from [com.github.smarteist:autoimageslider:1.2.0] AndroidManifest.xml:11:5-15:19
MERGED from [com.android.support:versionedparcelable:28.0.0] AndroidManifest.xml:22:5-23:19
MERGED from [com.android.support:versionedparcelable:28.0.0] AndroidManifest.xml:22:5-23:19
MERGED from [com.github.bumptech.glide:gifdecoder:4.8.0] AndroidManifest.xml:9:5-20
MERGED from [com.github.bumptech.glide:gifdecoder:4.8.0] AndroidManifest.xml:9:5-20
	android:appComponentFactory
		ADDED from [com.android.support:support-compat:28.0.0] AndroidManifest.xml:22:18-91
	android:supportsRtl
		ADDED from src\main\AndroidManifest.xml:23:9-35
	android:label
		ADDED from src\main\AndroidManifest.xml:20:9-41
	android:roundIcon
		ADDED from src\main\AndroidManifest.xml:22:9-54
	android:largeHeap
		ADDED from src\main\AndroidManifest.xml:21:9-33
	android:icon
		ADDED from src\main\AndroidManifest.xml:19:9-37
	android:allowBackup
		ADDED from src\main\AndroidManifest.xml:18:9-35
	android:theme
		ADDED from src\main\AndroidManifest.xml:24:9-40
	android:usesCleartextTraffic
		ADDED from src\main\AndroidManifest.xml:25:9-44
meta-data#com.google.android.gms.ads.APPLICATION_ID
ADDED from src\main\AndroidManifest.xml:27:9-29:45
	android:value
		ADDED from src\main\AndroidManifest.xml:29:13-42
	android:name
		ADDED from src\main\AndroidManifest.xml:28:13-69
activity#com.example.sni.webflixhub.Activity.MainActivity
ADDED from src\main\AndroidManifest.xml:31:9-33:62
	android:configChanges
		ADDED from src\main\AndroidManifest.xml:33:13-59
	android:name
		ADDED from src\main\AndroidManifest.xml:32:13-50
activity#com.example.sni.webflixhub.Activity.VideoPlayActivity
ADDED from src\main\AndroidManifest.xml:34:9-36:62
	android:configChanges
		ADDED from src\main\AndroidManifest.xml:36:13-59
	android:name
		ADDED from src\main\AndroidManifest.xml:35:13-55
activity#com.example.sni.webflixhub.Activity.MKVideoPlayerActivity
ADDED from src\main\AndroidManifest.xml:37:9-40:50
	android:screenOrientation
		ADDED from src\main\AndroidManifest.xml:40:13-47
	android:configChanges
		ADDED from src\main\AndroidManifest.xml:39:13-74
	android:name
		ADDED from src\main\AndroidManifest.xml:38:13-59
activity#com.example.sni.webflixhub.Activity.LandingPageActivity
ADDED from src\main\AndroidManifest.xml:41:9-48:20
	android:name
		ADDED from src\main\AndroidManifest.xml:41:19-63
intent-filter#action:name:android.intent.action.MAIN+category:name:android.intent.category.LAUNCHER
ADDED from src\main\AndroidManifest.xml:42:13-46:29
action#android.intent.action.MAIN
ADDED from src\main\AndroidManifest.xml:43:17-69
	android:name
		ADDED from src\main\AndroidManifest.xml:43:25-66
category#android.intent.category.LAUNCHER
ADDED from src\main\AndroidManifest.xml:45:17-77
	android:name
		ADDED from src\main\AndroidManifest.xml:45:27-74
activity#com.example.sni.webflixhub.Activity.ContactUsActivity
ADDED from src\main\AndroidManifest.xml:49:9-64
	android:name
		ADDED from src\main\AndroidManifest.xml:49:19-61
activity#com.example.sni.webflixhub.Activity.SearchActivity
ADDED from src\main\AndroidManifest.xml:50:9-61
	android:name
		ADDED from src\main\AndroidManifest.xml:50:19-58
activity#com.example.sni.webflixhub.Activity.WebSeriesSeasonActivity
ADDED from src\main\AndroidManifest.xml:51:9-70
	android:name
		ADDED from src\main\AndroidManifest.xml:51:19-67
activity#com.example.sni.webflixhub.Activity.ParticularSeasonActivity
ADDED from src\main\AndroidManifest.xml:52:9-71
	android:name
		ADDED from src\main\AndroidManifest.xml:52:19-68
activity#com.startapp.android.publish.ads.list3d.List3DActivity
ADDED from src\main\AndroidManifest.xml:53:9-55:52
	android:theme
		ADDED from src\main\AndroidManifest.xml:55:13-49
	android:name
		ADDED from src\main\AndroidManifest.xml:54:13-82
activity#com.startapp.android.publish.adsCommon.activities.OverlayActivity
ADDED from src\main\AndroidManifest.xml:56:9-59:64
	android:configChanges
		ADDED from src\main\AndroidManifest.xml:58:13-74
	android:theme
		ADDED from src\main\AndroidManifest.xml:59:13-61
	android:name
		ADDED from src\main\AndroidManifest.xml:57:13-93
activity#com.startapp.android.publish.adsCommon.activities.FullScreenActivity
ADDED from src\main\AndroidManifest.xml:60:9-63:52
	android:configChanges
		ADDED from src\main\AndroidManifest.xml:62:13-74
	android:theme
		ADDED from src\main\AndroidManifest.xml:63:13-49
	android:name
		ADDED from src\main\AndroidManifest.xml:61:13-96
service#com.startapp.android.publish.common.metaData.PeriodicMetaDataService
ADDED from src\main\AndroidManifest.xml:65:9-104
	android:name
		ADDED from src\main\AndroidManifest.xml:65:18-101
service#com.startapp.android.publish.common.metaData.InfoEventService
ADDED from src\main\AndroidManifest.xml:66:9-97
	android:name
		ADDED from src\main\AndroidManifest.xml:66:18-94
service#com.startapp.android.publish.common.metaData.PeriodicJobService
ADDED from src\main\AndroidManifest.xml:67:9-69:72
	android:permission
		ADDED from src\main\AndroidManifest.xml:69:13-69
	android:name
		ADDED from src\main\AndroidManifest.xml:68:13-91
receiver#com.startapp.android.publish.common.metaData.BootCompleteListener
ADDED from src\main\AndroidManifest.xml:71:9-75:20
	android:name
		ADDED from src\main\AndroidManifest.xml:71:19-99
intent-filter#action:name:android.intent.action.BOOT_COMPLETED
ADDED from src\main\AndroidManifest.xml:72:13-74:29
action#android.intent.action.BOOT_COMPLETED
ADDED from src\main\AndroidManifest.xml:73:17-79
	android:name
		ADDED from src\main\AndroidManifest.xml:73:25-76
activity#com.example.sni.webflixhub.Activity.DivertFromDiscoverActivity
ADDED from src\main\AndroidManifest.xml:77:9-73
	android:name
		ADDED from src\main\AndroidManifest.xml:77:19-70
uses-sdk
INJECTED from src\main\AndroidManifest.xml reason: use-sdk injection requested
INJECTED from src\main\AndroidManifest.xml
INJECTED from src\main\AndroidManifest.xml
MERGED from [br.com.mauker.materialsearchview:materialsearchview:1.2.3] AndroidManifest.xml:19:5-21:41
MERGED from [br.com.mauker.materialsearchview:materialsearchview:1.2.3] AndroidManifest.xml:19:5-21:41
MERGED from [net.opacapp:multiline-collapsingtoolbar:27.1.1] AndroidManifest.xml:7:5-9:41
MERGED from [net.opacapp:multiline-collapsingtoolbar:27.1.1] AndroidManifest.xml:7:5-9:41
MERGED from [com.android.support:design:28.0.0] AndroidManifest.xml:20:5-44
MERGED from [com.android.support:design:28.0.0] AndroidManifest.xml:20:5-44
MERGED from [com.github.khizar1556.MKVideoPlayer:mkvideoplayer:0.1.5] AndroidManifest.xml:8:5-10:41
MERGED from [com.github.khizar1556.MKVideoPlayer:mkvideoplayer:0.1.5] AndroidManifest.xml:8:5-10:41
MERGED from [com.android.support:appcompat-v7:28.0.0] AndroidManifest.xml:20:5-44
MERGED from [com.android.support:appcompat-v7:28.0.0] AndroidManifest.xml:20:5-44
MERGED from [com.google.android.gms:play-services-ads:11.2.0] AndroidManifest.xml:17:5-94
MERGED from [com.google.android.gms:play-services-ads:11.2.0] AndroidManifest.xml:17:5-94
MERGED from [com.android.support.constraint:constraint-layout:1.1.3] AndroidManifest.xml:5:5-7:41
MERGED from [com.android.support.constraint:constraint-layout:1.1.3] AndroidManifest.xml:5:5-7:41
MERGED from [com.facebook.android:audience-network-sdk:5.5.0] AndroidManifest.xml:7:5-9:41
MERGED from [com.facebook.android:audience-network-sdk:5.5.0] AndroidManifest.xml:7:5-9:41
MERGED from [com.google.android.gms:play-services-ads-lite:11.2.0] AndroidManifest.xml:22:5-43
MERGED from [com.google.android.gms:play-services-ads-lite:11.2.0] AndroidManifest.xml:22:5-43
MERGED from [com.google.android.gms:play-services-gass:11.2.0] AndroidManifest.xml:3:5-43
MERGED from [com.google.android.gms:play-services-gass:11.2.0] AndroidManifest.xml:3:5-43
MERGED from [com.google.android.gms:play-services-basement:11.2.0] AndroidManifest.xml:17:5-43
MERGED from [com.google.android.gms:play-services-basement:11.2.0] AndroidManifest.xml:17:5-43
MERGED from [com.android.support:support-v4:28.0.0] AndroidManifest.xml:20:5-44
MERGED from [com.android.support:support-v4:28.0.0] AndroidManifest.xml:20:5-44
MERGED from [com.intuit.sdp:sdp-android:1.0.6] AndroidManifest.xml:7:5-9:41
MERGED from [com.intuit.sdp:sdp-android:1.0.6] AndroidManifest.xml:7:5-9:41
MERGED from [com.android.support:recyclerview-v7:28.0.0] AndroidManifest.xml:20:5-44
MERGED from [com.android.support:recyclerview-v7:28.0.0] AndroidManifest.xml:20:5-44
MERGED from [com.github.bumptech.glide:glide:4.8.0] AndroidManifest.xml:6:5-8:41
MERGED from [com.github.bumptech.glide:glide:4.8.0] AndroidManifest.xml:6:5-8:41
MERGED from [com.android.support:support-fragment:28.0.0] AndroidManifest.xml:20:5-44
MERGED from [com.android.support:support-fragment:28.0.0] AndroidManifest.xml:20:5-44
MERGED from [com.android.support:animated-vector-drawable:28.0.0] AndroidManifest.xml:20:5-44
MERGED from [com.android.support:animated-vector-drawable:28.0.0] AndroidManifest.xml:20:5-44
MERGED from [com.android.support:support-core-ui:28.0.0] AndroidManifest.xml:20:5-44
MERGED from [com.android.support:support-core-ui:28.0.0] AndroidManifest.xml:20:5-44
MERGED from [com.android.support:support-core-utils:28.0.0] AndroidManifest.xml:20:5-44
MERGED from [com.android.support:support-core-utils:28.0.0] AndroidManifest.xml:20:5-44
MERGED from [com.android.support:support-vector-drawable:28.0.0] AndroidManifest.xml:20:5-44
MERGED from [com.android.support:support-vector-drawable:28.0.0] AndroidManifest.xml:20:5-44
MERGED from [com.android.support:support-media-compat:28.0.0] AndroidManifest.xml:20:5-44
MERGED from [com.android.support:support-media-compat:28.0.0] AndroidManifest.xml:20:5-44
MERGED from [com.android.support:transition:28.0.0] AndroidManifest.xml:20:5-44
MERGED from [com.android.support:transition:28.0.0] AndroidManifest.xml:20:5-44
MERGED from [com.android.support:loader:28.0.0] AndroidManifest.xml:20:5-44
MERGED from [com.android.support:loader:28.0.0] AndroidManifest.xml:20:5-44
MERGED from [com.android.support:viewpager:28.0.0] AndroidManifest.xml:20:5-44
MERGED from [com.android.support:viewpager:28.0.0] AndroidManifest.xml:20:5-44
MERGED from [com.android.support:coordinatorlayout:28.0.0] AndroidManifest.xml:20:5-44
MERGED from [com.android.support:coordinatorlayout:28.0.0] AndroidManifest.xml:20:5-44
MERGED from [com.android.support:drawerlayout:28.0.0] AndroidManifest.xml:20:5-44
MERGED from [com.android.support:drawerlayout:28.0.0] AndroidManifest.xml:20:5-44
MERGED from [com.android.support:slidingpanelayout:28.0.0] AndroidManifest.xml:20:5-44
MERGED from [com.android.support:slidingpanelayout:28.0.0] AndroidManifest.xml:20:5-44
MERGED from [com.android.support:customview:28.0.0] AndroidManifest.xml:20:5-44
MERGED from [com.android.support:customview:28.0.0] AndroidManifest.xml:20:5-44
MERGED from [com.android.support:swiperefreshlayout:28.0.0] AndroidManifest.xml:20:5-44
MERGED from [com.android.support:swiperefreshlayout:28.0.0] AndroidManifest.xml:20:5-44
MERGED from [com.android.support:asynclayoutinflater:28.0.0] AndroidManifest.xml:20:5-44
MERGED from [com.android.support:asynclayoutinflater:28.0.0] AndroidManifest.xml:20:5-44
MERGED from [com.android.support:support-compat:28.0.0] AndroidManifest.xml:20:5-44
MERGED from [com.android.support:support-compat:28.0.0] AndroidManifest.xml:20:5-44
MERGED from [com.makeramen:roundedimageview:2.3.0] AndroidManifest.xml:7:5-43
MERGED from [com.makeramen:roundedimageview:2.3.0] AndroidManifest.xml:7:5-43
MERGED from [de.hdodenhof:circleimageview:2.2.0] AndroidManifest.xml:5:5-7:41
MERGED from [de.hdodenhof:circleimageview:2.2.0] AndroidManifest.xml:5:5-7:41
MERGED from [com.android.volley:volley:1.1.1] AndroidManifest.xml:7:5-43
MERGED from [com.android.volley:volley:1.1.1] AndroidManifest.xml:7:5-43
MERGED from [com.github.smarteist:autoimageslider:1.2.0] AndroidManifest.xml:7:5-9:41
MERGED from [com.github.smarteist:autoimageslider:1.2.0] AndroidManifest.xml:7:5-9:41
MERGED from [com.android.support:versionedparcelable:28.0.0] AndroidManifest.xml:20:5-44
MERGED from [com.android.support:versionedparcelable:28.0.0] AndroidManifest.xml:20:5-44
MERGED from [com.android.support:cursoradapter:28.0.0] AndroidManifest.xml:20:5-44
MERGED from [com.android.support:cursoradapter:28.0.0] AndroidManifest.xml:20:5-44
MERGED from [android.arch.lifecycle:runtime:1.1.1] AndroidManifest.xml:20:5-44
MERGED from [android.arch.lifecycle:runtime:1.1.1] AndroidManifest.xml:20:5-44
MERGED from [com.android.support:cardview-v7:28.0.0] AndroidManifest.xml:20:5-44
MERGED from [com.android.support:cardview-v7:28.0.0] AndroidManifest.xml:20:5-44
MERGED from [com.github.bumptech.glide:gifdecoder:4.8.0] AndroidManifest.xml:5:5-7:41
MERGED from [com.github.bumptech.glide:gifdecoder:4.8.0] AndroidManifest.xml:5:5-7:41
MERGED from [com.android.support:documentfile:28.0.0] AndroidManifest.xml:20:5-44
MERGED from [com.android.support:documentfile:28.0.0] AndroidManifest.xml:20:5-44
MERGED from [com.android.support:localbroadcastmanager:28.0.0] AndroidManifest.xml:20:5-44
MERGED from [com.android.support:localbroadcastmanager:28.0.0] AndroidManifest.xml:20:5-44
MERGED from [com.android.support:print:28.0.0] AndroidManifest.xml:20:5-44
MERGED from [com.android.support:print:28.0.0] AndroidManifest.xml:20:5-44
MERGED from [android.arch.lifecycle:viewmodel:1.1.1] AndroidManifest.xml:20:5-44
MERGED from [android.arch.lifecycle:viewmodel:1.1.1] AndroidManifest.xml:20:5-44
MERGED from [com.android.support:interpolator:28.0.0] AndroidManifest.xml:20:5-44
MERGED from [com.android.support:interpolator:28.0.0] AndroidManifest.xml:20:5-44
MERGED from [android.arch.lifecycle:livedata:1.1.1] AndroidManifest.xml:20:5-44
MERGED from [android.arch.lifecycle:livedata:1.1.1] AndroidManifest.xml:20:5-44
MERGED from [android.arch.lifecycle:livedata-core:1.1.1] AndroidManifest.xml:20:5-44
MERGED from [android.arch.lifecycle:livedata-core:1.1.1] AndroidManifest.xml:20:5-44
MERGED from [android.arch.core:runtime:1.1.1] AndroidManifest.xml:20:5-44
MERGED from [android.arch.core:runtime:1.1.1] AndroidManifest.xml:20:5-44
MERGED from [com.github.khizar1556.MKVideoPlayer:ijkplayer-java:0.1.5] AndroidManifest.xml:5:5-7:41
MERGED from [com.github.khizar1556.MKVideoPlayer:ijkplayer-java:0.1.5] AndroidManifest.xml:5:5-7:41
INJECTED from src\main\AndroidManifest.xml
INJECTED from src\main\AndroidManifest.xml
	tools:overrideLibrary
		ADDED from [com.google.android.gms:play-services-ads:11.2.0] AndroidManifest.xml:17:42-92
	android:targetSdkVersion
		INJECTED from src\main\AndroidManifest.xml
		ADDED from src\main\AndroidManifest.xml
		INJECTED from src\main\AndroidManifest.xml
	android:minSdkVersion
		INJECTED from src\main\AndroidManifest.xml
		ADDED from src\main\AndroidManifest.xml
		INJECTED from src\main\AndroidManifest.xml
activity#com.khizar1556.mkvideoplayer.MKPlayerActivity
ADDED from [com.github.khizar1556.MKVideoPlayer:mkvideoplayer:0.1.5] AndroidManifest.xml:19:9-22:50
	android:screenOrientation
		ADDED from [com.github.khizar1556.MKVideoPlayer:mkvideoplayer:0.1.5] AndroidManifest.xml:22:13-47
	android:configChanges
		ADDED from [com.github.khizar1556.MKVideoPlayer:mkvideoplayer:0.1.5] AndroidManifest.xml:21:13-74
	android:name
		ADDED from [com.github.khizar1556.MKVideoPlayer:mkvideoplayer:0.1.5] AndroidManifest.xml:20:13-73
activity#com.facebook.ads.AudienceNetworkActivity
ADDED from [com.facebook.android:audience-network-sdk:5.5.0] AndroidManifest.xml:15:9-19:75
	android:exported
		ADDED from [com.facebook.android:audience-network-sdk:5.5.0] AndroidManifest.xml:18:13-37
	android:configChanges
		ADDED from [com.facebook.android:audience-network-sdk:5.5.0] AndroidManifest.xml:17:13-74
	android:theme
		ADDED from [com.facebook.android:audience-network-sdk:5.5.0] AndroidManifest.xml:19:13-72
	android:name
		ADDED from [com.facebook.android:audience-network-sdk:5.5.0] AndroidManifest.xml:16:13-68
activity#com.facebook.ads.internal.ipc.RemoteANActivity
ADDED from [com.facebook.android:audience-network-sdk:5.5.0] AndroidManifest.xml:20:9-25:75
	android:process
		ADDED from [com.facebook.android:audience-network-sdk:5.5.0] AndroidManifest.xml:24:13-36
	android:exported
		ADDED from [com.facebook.android:audience-network-sdk:5.5.0] AndroidManifest.xml:23:13-37
	android:configChanges
		ADDED from [com.facebook.android:audience-network-sdk:5.5.0] AndroidManifest.xml:22:13-74
	android:theme
		ADDED from [com.facebook.android:audience-network-sdk:5.5.0] AndroidManifest.xml:25:13-72
	android:name
		ADDED from [com.facebook.android:audience-network-sdk:5.5.0] AndroidManifest.xml:21:13-74
service#com.facebook.ads.internal.ipc.AdsProcessPriorityService
ADDED from [com.facebook.android:audience-network-sdk:5.5.0] AndroidManifest.xml:27:9-29:40
	android:exported
		ADDED from [com.facebook.android:audience-network-sdk:5.5.0] AndroidManifest.xml:29:13-37
	android:name
		ADDED from [com.facebook.android:audience-network-sdk:5.5.0] AndroidManifest.xml:28:13-83
service#com.facebook.ads.internal.ipc.AdsMessengerService
ADDED from [com.facebook.android:audience-network-sdk:5.5.0] AndroidManifest.xml:30:9-33:39
	android:process
		ADDED from [com.facebook.android:audience-network-sdk:5.5.0] AndroidManifest.xml:33:13-36
	android:exported
		ADDED from [com.facebook.android:audience-network-sdk:5.5.0] AndroidManifest.xml:32:13-37
	android:name
		ADDED from [com.facebook.android:audience-network-sdk:5.5.0] AndroidManifest.xml:31:13-77
provider#com.facebook.ads.AudienceNetworkContentProvider
ADDED from [com.facebook.android:audience-network-sdk:5.5.0] AndroidManifest.xml:35:9-38:40
	android:authorities
		ADDED from [com.facebook.android:audience-network-sdk:5.5.0] AndroidManifest.xml:37:13-82
	android:exported
		ADDED from [com.facebook.android:audience-network-sdk:5.5.0] AndroidManifest.xml:38:13-37
	android:name
		ADDED from [com.facebook.android:audience-network-sdk:5.5.0] AndroidManifest.xml:36:13-75
activity#com.google.android.gms.ads.AdActivity
ADDED from [com.google.android.gms:play-services-ads-lite:11.2.0] AndroidManifest.xml:25:9-257
	android:exported
		ADDED from [com.google.android.gms:play-services-ads-lite:11.2.0] AndroidManifest.xml:25:231-255
	android:configChanges
		ADDED from [com.google.android.gms:play-services-ads-lite:11.2.0] AndroidManifest.xml:25:72-181
	android:theme
		ADDED from [com.google.android.gms:play-services-ads-lite:11.2.0] AndroidManifest.xml:25:182-230
	android:name
		ADDED from [com.google.android.gms:play-services-ads-lite:11.2.0] AndroidManifest.xml:25:19-71
meta-data#com.google.android.gms.version
ADDED from [com.google.android.gms:play-services-basement:11.2.0] AndroidManifest.xml:20:9-121
	android:value
		ADDED from [com.google.android.gms:play-services-basement:11.2.0] AndroidManifest.xml:20:66-119
	android:name
		ADDED from [com.google.android.gms:play-services-basement:11.2.0] AndroidManifest.xml:20:20-65